The system is: Windows - 10.0.16299 - AMD64
Compiling the C compiler identification source file "CMakeCCompilerId.c" succeeded.
Compiler: C:/Program Files (x86)/Microsoft Visual Studio/2019/Community/VC/Tools/MSVC/14.23.28105/bin/HostX64/x64/cl.exe 
Build flags: 
Id flags:  

The output was:
0
Microsoft (R) C/C++ Optimizing Compiler Version 19.23.28107 for x64
Copyright (C) Microsoft Corporation.  All rights reserved.

CMakeCCompilerId.c
Microsoft (R) Incremental Linker Version 14.23.28107.0
Copyright (C) Microsoft Corporation.  All rights reserved.

/out:CMakeCCompilerId.exe 
CMakeCCompilerId.obj 


Compilation of the C compiler identification source "CMakeCCompilerId.c" produced "CMakeCCompilerId.exe"

Compilation of the C compiler identification source "CMakeCCompilerId.c" produced "CMakeCCompilerId.obj"

The C compiler identification is MSVC, found in "C:/Users/yinshuyu/Desktop/New folder (2)/New folder/Gam300/GAM300/Dep/glm/out/build/x64-Debug/CMakeFiles/3.15.19080502-MSVC_2/CompilerIdC/CMakeCCompilerId.exe"

Compiling the CXX compiler identification source file "CMakeCXXCompilerId.cpp" succeeded.
Compiler: C:/Program Files (x86)/Microsoft Visual Studio/2019/Community/VC/Tools/MSVC/14.23.28105/bin/HostX64/x64/cl.exe 
Build flags: 
Id flags:  

The output was:
0
Microsoft (R) C/C++ Optimizing Compiler Version 19.23.28107 for x64
Copyright (C) Microsoft Corporation.  All rights reserved.

CMakeCXXCompilerId.cpp
Microsoft (R) Incremental Linker Version 14.23.28107.0
Copyright (C) Microsoft Corporation.  All rights reserved.

/out:CMakeCXXCompilerId.exe 
CMakeCXXCompilerId.obj 


Compilation of the CXX compiler identification source "CMakeCXXCompilerId.cpp" produced "CMakeCXXCompilerId.exe"

Compilation of the CXX compiler identification source "CMakeCXXCompilerId.cpp" produced "CMakeCXXCompilerId.obj"

The CXX compiler identification is MSVC, found in "C:/Users/yinshuyu/Desktop/New folder (2)/New folder/Gam300/GAM300/Dep/glm/out/build/x64-Debug/CMakeFiles/3.15.19080502-MSVC_2/CompilerIdCXX/CMakeCXXCompilerId.exe"

Determining if the C compiler works passed with the following output:
Change Dir: C:/Users/yinshuyu/Desktop/New folder (2)/New folder/Gam300/GAM300/Dep/glm/out/build/x64-Debug/CMakeFiles/CMakeTmp

Run Build Command(s):C:/Program Files (x86)/Microsoft Visual Studio/2019/Community/Common7/IDE/CommonExtensions/Microsoft/CMake/Ninja/ninja.exe cmTC_31f9c && [1/2] Building C object CMakeFiles\cmTC_31f9c.dir\testCCompiler.c.obj
[2/2] Linking C executable cmTC_31f9c.exe



Detecting C compiler ABI info compiled with the following output:
Change Dir: C:/Users/yinshuyu/Desktop/New folder (2)/New folder/Gam300/GAM300/Dep/glm/out/build/x64-Debug/CMakeFiles/CMakeTmp

Run Build Command(s):C:/Program Files (x86)/Microsoft Visual Studio/2019/Community/Common7/IDE/CommonExtensions/Microsoft/CMake/Ninja/ninja.exe cmTC_d4f9e && [1/2] Building C object CMakeFiles\cmTC_d4f9e.dir\CMakeCCompilerABI.c.obj
[2/2] Linking C executable cmTC_d4f9e.exe



Determining if the CXX compiler works passed with the following output:
Change Dir: C:/Users/yinshuyu/Desktop/New folder (2)/New folder/Gam300/GAM300/Dep/glm/out/build/x64-Debug/CMakeFiles/CMakeTmp

Run Build Command(s):C:/Program Files (x86)/Microsoft Visual Studio/2019/Community/Common7/IDE/CommonExtensions/Microsoft/CMake/Ninja/ninja.exe cmTC_3bc48 && [1/2] Building CXX object CMakeFiles\cmTC_3bc48.dir\testCXXCompiler.cxx.obj
[2/2] Linking CXX executable cmTC_3bc48.exe



Detecting CXX compiler ABI info compiled with the following output:
Change Dir: C:/Users/yinshuyu/Desktop/New folder (2)/New folder/Gam300/GAM300/Dep/glm/out/build/x64-Debug/CMakeFiles/CMakeTmp

Run Build Command(s):C:/Program Files (x86)/Microsoft Visual Studio/2019/Community/Common7/IDE/CommonExtensions/Microsoft/CMake/Ninja/ninja.exe cmTC_e4f4a && [1/2] Building CXX object CMakeFiles\cmTC_e4f4a.dir\CMakeCXXCompilerABI.cpp.obj
[2/2] Linking CXX executable cmTC_e4f4a.exe



