d:\cs260a4\cs260a4\cs260a4\x64\debug\camera.obj
d:\cs260a4\cs260a4\cs260a4\x64\debug\main.obj
d:\cs260a4\cs260a4\cs260a4\x64\debug\openglerrorcheck.obj
d:\cs260a4\cs260a4\cs260a4\x64\debug\inputsystem.obj
d:\cs260a4\cs260a4\cs260a4\x64\debug\factory.obj
d:\cs260a4\cs260a4\cs260a4\x64\debug\console.obj
d:\cs260a4\cs260a4\cs260a4\x64\debug\timer.obj
d:\cs260a4\cs260a4\cs260a4\x64\debug\mesh.obj
d:\cs260a4\cs260a4\cs260a4\x64\debug\math.obj
d:\cs260a4\cs260a4\cs260a4\x64\debug\transform.obj
d:\cs260a4\cs260a4\cs260a4\x64\debug\framebuffer.obj
d:\cs260a4\cs260a4\cs260a4\x64\debug\commandline_parser.obj
d:\cs260a4\cs260a4\cs260a4\x64\debug\matrix.obj
d:\cs260a4\cs260a4\cs260a4\x64\debug\vector.obj
d:\cs260a4\cs260a4\cs260a4\x64\debug\crc_checksum_hash.obj
d:\cs260a4\cs260a4\cs260a4\x64\debug\messageformat.obj
d:\cs260a4\cs260a4\cs260a4\x64\debug\shader.obj
d:\cs260a4\cs260a4\cs260a4\x64\debug\quaternion.obj
d:\cs260a4\cs260a4\cs260a4\x64\debug\applicationcommands.obj
d:\cs260a4\cs260a4\cs260a4\x64\debug\clientudpsocket.obj
d:\cs260a4\cs260a4\cs260a4\x64\debug\logicsystem.obj
d:\cs260a4\cs260a4\cs260a4\x64\debug\physicsystem.obj
d:\cs260a4\cs260a4\cs260a4\x64\debug\vector2.obj
d:\cs260a4\cs260a4\cs260a4\x64\debug\windowsystem.obj
d:\cs260a4\cs260a4\cs260a4\x64\debug\color.obj
d:\cs260a4\cs260a4\cs260a4\x64\debug\networksystem.obj
d:\cs260a4\cs260a4\cs260a4\x64\debug\graphicssystem.obj
d:\cs260a4\cs260a4\cs260a4\x64\debug\vc142.idb
d:\cs260a4\cs260a4\cs260a4\x64\debug\vc142.pdb
d:\cs260a4\cs260a4\cs260a4\x64\debug\cs260a4.tlog\cl.11644.write.1.tlog
d:\cs260a4\cs260a4\cs260a4\x64\debug\cs260a4.tlog\cl.command.1.tlog
d:\cs260a4\cs260a4\cs260a4\x64\debug\cs260a4.tlog\cl.read.1.tlog
